# JRE version: Java(TM) SE Runtime Environment (8.0_111-b14) (build 1.8.0_111-b14)
# Java VM: Java HotSpot(TM) 64-Bit Server VM (25.111-b14 mixed mode bsd-amd64 compressed oops)
Heap:
 PSYoungGen      total 286208K, used 10926K [0x000000076ab00000, 0x0000000781300000, 0x00000007c0000000)
  eden space 247808K, 4% used [0x000000076ab00000,0x000000076b5ab998,0x0000000779d00000)
  from space 38400K, 0% used [0x0000000779d00000,0x0000000779d00000,0x000000077c280000)
  to   space 60416K, 0% used [0x000000077d800000,0x000000077d800000,0x0000000781300000)
 ParOldGen       total 237056K, used 118632K [0x00000006c0000000, 0x00000006ce780000, 0x000000076ab00000)
  object space 237056K, 50% used [0x00000006c0000000,0x00000006c73da048,0x00000006ce780000)
 Metaspace       used 26512K, capacity 28304K, committed 28416K, reserved 1073152K
  class space    used 3448K, capacity 3777K, committed 3840K, reserved 1048576K
GC Heap History (10 events):
Event: 24.681 GC heap before
{Heap before GC invocations=9 (full 2):
 PSYoungGen      total 141312K, used 10228K [0x000000076ab00000, 0x000000077db00000, 0x00000007c0000000)
  eden space 131072K, 0% used [0x000000076ab00000,0x000000076ab00000,0x0000000772b00000)
  from space 10240K, 99% used [0x0000000772b00000,0x00000007734fd3d0,0x0000000773500000)
  to   space 25088K, 0% used [0x000000077c280000,0x000000077c280000,0x000000077db00000)
 ParOldGen       total 95232K, used 66623K [0x00000006c0000000, 0x00000006c5d00000, 0x000000076ab00000)
  object space 95232K, 69% used [0x00000006c0000000,0x00000006c410ff30,0x00000006c5d00000)
 Metaspace       used 24931K, capacity 26540K, committed 26752K, reserved 1073152K
  class space    used 3401K, capacity 3705K, committed 3712K, reserved 1048576K
Event: 24.742 GC heap after
Heap after GC invocations=9 (full 2):
 PSYoungGen      total 141312K, used 0K [0x000000076ab00000, 0x000000077db00000, 0x00000007c0000000)
  eden space 131072K, 0% used [0x000000076ab00000,0x000000076ab00000,0x0000000772b00000)
  from space 10240K, 0% used [0x0000000772b00000,0x0000000772b00000,0x0000000773500000)
  to   space 25088K, 0% used [0x000000077c280000,0x000000077c280000,0x000000077db00000)
 ParOldGen       total 163328K, used 60637K [0x00000006c0000000, 0x00000006c9f80000, 0x000000076ab00000)
  object space 163328K, 37% used [0x00000006c0000000,0x00000006c3b37798,0x00000006c9f80000)
 Metaspace       used 24931K, capacity 26540K, committed 26752K, reserved 1073152K
  class space    used 3401K, capacity 3705K, committed 3712K, reserved 1048576K
}
Event: 41.737 GC heap before
{Heap before GC invocations=10 (full 2):
 PSYoungGen      total 141312K, used 130637K [0x000000076ab00000, 0x000000077db00000, 0x00000007c0000000)
  eden space 131072K, 99% used [0x000000076ab00000,0x0000000772a93488,0x0000000772b00000)
  from space 10240K, 0% used [0x0000000772b00000,0x0000000772b00000,0x0000000773500000)
  to   space 25088K, 0% used [0x000000077c280000,0x000000077c280000,0x000000077db00000)
 ParOldGen       total 163328K, used 60637K [0x00000006c0000000, 0x00000006c9f80000, 0x000000076ab00000)
  object space 163328K, 37% used [0x00000006c0000000,0x00000006c3b37798,0x00000006c9f80000)
 Metaspace       used 25608K, capacity 27268K, committed 27648K, reserved 1073152K
  class space    used 3420K, capacity 3715K, committed 3840K, reserved 1048576K
Event: 41.753 GC heap after
Heap after GC invocations=10 (full 2):
 PSYoungGen      total 272896K, used 25060K [0x000000076ab00000, 0x000000077e800000, 0x00000007c0000000)
  eden space 247808K, 0% used [0x000000076ab00000,0x000000076ab00000,0x0000000779d00000)
  from space 25088K, 99% used [0x000000077c280000,0x000000077daf93f0,0x000000077db00000)
  to   space 38400K, 0% used [0x0000000779d00000,0x0000000779d00000,0x000000077c280000)
 ParOldGen       total 163328K, used 82024K [0x00000006c0000000, 0x00000006c9f80000, 0x000000076ab00000)
  object space 163328K, 50% used [0x00000006c0000000,0x00000006c501a128,0x00000006c9f80000)
 Metaspace       used 25608K, capacity 27268K, committed 27648K, reserved 1073152K
  class space    used 3420K, capacity 3715K, committed 3840K, reserved 1048576K
}
Event: 91.619 GC heap before
{Heap before GC invocations=11 (full 2):
 PSYoungGen      total 272896K, used 201117K [0x000000076ab00000, 0x000000077e800000, 0x00000007c0000000)
  eden space 247808K, 71% used [0x000000076ab00000,0x00000007756ee218,0x0000000779d00000)
  from space 25088K, 99% used [0x000000077c280000,0x000000077daf93f0,0x000000077db00000)
  to   space 38400K, 0% used [0x0000000779d00000,0x0000000779d00000,0x000000077c280000)
 ParOldGen       total 163328K, used 82024K [0x00000006c0000000, 0x00000006c9f80000, 0x000000076ab00000)
  object space 163328K, 50% used [0x00000006c0000000,0x00000006c501a128,0x00000006c9f80000)
 Metaspace       used 26090K, capacity 27810K, committed 27904K, reserved 1073152K
  class space    used 3433K, capacity 3756K, committed 3840K, reserved 1048576K
Event: 91.650 GC heap after
Heap after GC invocations=11 (full 2):
 PSYoungGen      total 286208K, used 38370K [0x000000076ab00000, 0x0000000781300000, 0x00000007c0000000)
  eden space 247808K, 0% used [0x000000076ab00000,0x000000076ab00000,0x0000000779d00000)
  from space 38400K, 99% used [0x0000000779d00000,0x000000077c2788c0,0x000000077c280000)
  to   space 60416K, 0% used [0x000000077d800000,0x000000077d800000,0x0000000781300000)
 ParOldGen       total 163328K, used 120884K [0x00000006c0000000, 0x00000006c9f80000, 0x000000076ab00000)
  object space 163328K, 74% used [0x00000006c0000000,0x00000006c760d0c0,0x00000006c9f80000)
 Metaspace       used 26090K, capacity 27810K, committed 27904K, reserved 1073152K
  class space    used 3433K, capacity 3756K, committed 3840K, reserved 1048576K
}
Event: 91.650 GC heap before
{Heap before GC invocations=12 (full 3):
 PSYoungGen      total 286208K, used 38370K [0x000000076ab00000, 0x0000000781300000, 0x00000007c0000000)
  eden space 247808K, 0% used [0x000000076ab00000,0x000000076ab00000,0x0000000779d00000)
  from space 38400K, 99% used [0x0000000779d00000,0x000000077c2788c0,0x000000077c280000)
  to   space 60416K, 0% used [0x000000077d800000,0x000000077d800000,0x0000000781300000)
 ParOldGen       total 163328K, used 120884K [0x00000006c0000000, 0x00000006c9f80000, 0x000000076ab00000)
  object space 163328K, 74% used [0x00000006c0000000,0x00000006c760d0c0,0x00000006c9f80000)
 Metaspace       used 26090K, capacity 27810K, committed 27904K, reserved 1073152K
  class space    used 3433K, capacity 3756K, committed 3840K, reserved 1048576K
Event: 91.729 GC heap after
Heap after GC invocations=12 (full 3):
 PSYoungGen      total 286208K, used 0K [0x000000076ab00000, 0x0000000781300000, 0x00000007c0000000)
  eden space 247808K, 0% used [0x000000076ab00000,0x000000076ab00000,0x0000000779d00000)
  from space 38400K, 0% used [0x0000000779d00000,0x0000000779d00000,0x000000077c280000)
  to   space 60416K, 0% used [0x000000077d800000,0x000000077d800000,0x0000000781300000)
 ParOldGen       total 163328K, used 134050K [0x00000006c0000000, 0x00000006c9f80000, 0x000000076ab00000)
  object space 163328K, 82% used [0x00000006c0000000,0x00000006c82e8a38,0x00000006c9f80000)
 Metaspace       used 26090K, capacity 27810K, committed 27904K, reserved 1073152K
  class space    used 3433K, capacity 3756K, committed 3840K, reserved 1048576K
}
Event: 139.573 GC heap before
{Heap before GC invocations=13 (full 4):
 PSYoungGen      total 286208K, used 247808K [0x000000076ab00000, 0x0000000781300000, 0x00000007c0000000)
  eden space 247808K, 100% used [0x000000076ab00000,0x0000000779d00000,0x0000000779d00000)
  from space 38400K, 0% used [0x0000000779d00000,0x0000000779d00000,0x000000077c280000)
  to   space 60416K, 0% used [0x000000077d800000,0x000000077d800000,0x0000000781300000)
 ParOldGen       total 163328K, used 134050K [0x00000006c0000000, 0x00000006c9f80000, 0x000000076ab00000)
  object space 163328K, 82% used [0x00000006c0000000,0x00000006c82e8a38,0x00000006c9f80000)
 Metaspace       used 26488K, capacity 28274K, committed 28416K, reserved 1073152K
  class space    used 3443K, capacity 3770K, committed 3840K, reserved 1048576K
Event: 139.615 GC heap after
Heap after GC invocations=13 (full 4):
 PSYoungGen      total 286208K, used 0K [0x000000076ab00000, 0x0000000781300000, 0x00000007c0000000)
  eden space 247808K, 0% used [0x000000076ab00000,0x000000076ab00000,0x0000000779d00000)
  from space 38400K, 0% used [0x0000000779d00000,0x0000000779d00000,0x000000077c280000)
  to   space 60416K, 0% used [0x000000077d800000,0x000000077d800000,0x0000000781300000)
 ParOldGen       total 237056K, used 118632K [0x00000006c0000000, 0x00000006ce780000, 0x000000076ab00000)
  object space 237056K, 50% used [0x00000006c0000000,0x00000006c73da048,0x00000006ce780000)
 Metaspace       used 26488K, capacity 28274K, committed 28416K, reserved 1073152K
  class space    used 3443K, capacity 3770K, committed 3840K, reserved 1048576K
}

